  Source.cpp
E:\University\3rd year\2nd term\Computer Graphics\FinalProjectComputerGraphics\Line.h(39): warning C4244: '=': conversion from 'double' to 'int', possible loss of data
E:\University\3rd year\2nd term\Computer Graphics\FinalProjectComputerGraphics\Line.h(52): warning C4244: '=': conversion from 'double' to 'int', possible loss of data
E:\University\3rd year\2nd term\Computer Graphics\FinalProjectComputerGraphics\Line.h(83): warning C4244: 'argument': conversion from 'double' to 'int', possible loss of data
E:\University\3rd year\2nd term\Computer Graphics\FinalProjectComputerGraphics\Line.h(104): warning C4244: 'argument': conversion from 'double' to 'int', possible loss of data
E:\University\3rd year\2nd term\Computer Graphics\FinalProjectComputerGraphics\Line.h(222): warning C4244: 'argument': conversion from 'double' to 'int', possible loss of data
E:\University\3rd year\2nd term\Computer Graphics\FinalProjectComputerGraphics\Line.h(233): warning C4244: 'argument': conversion from 'double' to 'int', possible loss of data
E:\University\3rd year\2nd term\Computer Graphics\FinalProjectComputerGraphics\Circle.h(18): warning C4244: 'argument': conversion from 'double' to 'int', possible loss of data
E:\University\3rd year\2nd term\Computer Graphics\FinalProjectComputerGraphics\Circle.h(33): warning C4244: 'argument': conversion from 'double' to 'int', possible loss of data
E:\University\3rd year\2nd term\Computer Graphics\FinalProjectComputerGraphics\Circle.h(42): warning C4244: 'argument': conversion from 'double' to 'int', possible loss of data
E:\University\3rd year\2nd term\Computer Graphics\FinalProjectComputerGraphics\Circle.h(51): warning C4244: 'argument': conversion from 'double' to 'int', possible loss of data
E:\University\3rd year\2nd term\Computer Graphics\FinalProjectComputerGraphics\Circle.h(58): warning C4244: 'argument': conversion from 'double' to 'int', possible loss of data
E:\University\3rd year\2nd term\Computer Graphics\FinalProjectComputerGraphics\Circle.h(139): warning C4244: 'argument': conversion from 'double' to 'int', possible loss of data
E:\University\3rd year\2nd term\Computer Graphics\FinalProjectComputerGraphics\Circle.h(149): warning C4244: 'argument': conversion from 'double' to 'int', possible loss of data
E:\University\3rd year\2nd term\Computer Graphics\FinalProjectComputerGraphics\Circle.h(154): warning C4244: 'argument': conversion from 'double' to 'int', possible loss of data
E:\University\3rd year\2nd term\Computer Graphics\FinalProjectComputerGraphics\Circle.h(160): warning C4244: 'argument': conversion from 'double' to 'int', possible loss of data
E:\University\3rd year\2nd term\Computer Graphics\FinalProjectComputerGraphics\Rectangle.h(43): warning C4244: '=': conversion from 'double' to 'int', possible loss of data
E:\University\3rd year\2nd term\Computer Graphics\FinalProjectComputerGraphics\Ellipse.h(36): warning C4244: 'argument': conversion from 'double' to 'int', possible loss of data
E:\University\3rd year\2nd term\Computer Graphics\FinalProjectComputerGraphics\Ellipse.h(43): warning C4244: 'argument': conversion from 'double' to 'int', possible loss of data
E:\University\3rd year\2nd term\Computer Graphics\FinalProjectComputerGraphics\ConvexFilling.h(69): warning C4018: '<': signed/unsigned mismatch
E:\University\3rd year\2nd term\Computer Graphics\FinalProjectComputerGraphics\NonConvexFilling.h(54): warning C4018: '<': signed/unsigned mismatch
E:\University\3rd year\2nd term\Computer Graphics\FinalProjectComputerGraphics\NonConvexFilling.h(60): warning C4018: '<': signed/unsigned mismatch
E:\University\3rd year\2nd term\Computer Graphics\FinalProjectComputerGraphics\NonConvexFilling.h(61): warning C4244: 'argument': conversion from 'double' to 'int', possible loss of data
E:\University\3rd year\2nd term\Computer Graphics\FinalProjectComputerGraphics\NonConvexFilling.h(66): warning C4018: '<': signed/unsigned mismatch
E:\University\3rd year\2nd term\Computer Graphics\FinalProjectComputerGraphics\NonConvexFilling.h(73): warning C4018: '<': signed/unsigned mismatch
E:\University\3rd year\2nd term\Computer Graphics\FinalProjectComputerGraphics\NonConvexFilling.h(84): warning C4018: '<': signed/unsigned mismatch
E:\University\3rd year\2nd term\Computer Graphics\FinalProjectComputerGraphics\LineClipping.h(10): warning C4244: '=': conversion from 'double' to 'int', possible loss of data
E:\University\3rd year\2nd term\Computer Graphics\FinalProjectComputerGraphics\LineClipping.h(11): warning C4244: '=': conversion from 'double' to 'int', possible loss of data
E:\University\3rd year\2nd term\Computer Graphics\FinalProjectComputerGraphics\LineClipping.h(17): warning C4244: '=': conversion from 'double' to 'int', possible loss of data
E:\University\3rd year\2nd term\Computer Graphics\FinalProjectComputerGraphics\LineClipping.h(18): warning C4244: '=': conversion from 'double' to 'int', possible loss of data
E:\University\3rd year\2nd term\Computer Graphics\FinalProjectComputerGraphics\HermiteCurve.h(55): warning C4244: 'argument': conversion from 'double' to 'int', possible loss of data
E:\University\3rd year\2nd term\Computer Graphics\FinalProjectComputerGraphics\PolygonClipping.h(34): warning C4018: '<': signed/unsigned mismatch
E:\University\3rd year\2nd term\Computer Graphics\FinalProjectComputerGraphics\BezierCurve.h(34): warning C4244: '=': conversion from 'double' to 'int', possible loss of data
E:\University\3rd year\2nd term\Computer Graphics\FinalProjectComputerGraphics\BezierCurve.h(35): warning C4244: '=': conversion from 'double' to 'int', possible loss of data
E:\University\3rd year\2nd term\Computer Graphics\FinalProjectComputerGraphics\Source.cpp(190): warning C4018: '<': signed/unsigned mismatch
Source.obj : warning LNK4075: ignoring '/EDITANDCONTINUE' due to '/INCREMENTAL:NO' specification
  FinalProjectComputerGraphics.vcxproj -> E:\University\3rd year\2nd term\Computer Graphics\FinalProjectComputerGraphics\Debug\FinalProjectComputerGraphics.exe
